<?xml version="1.0" encoding="UTF-8"?>
<testsuite xmlns:xsi="http://www.w3.org/2001/XMLSchema-instance" xsi:noNamespaceSchemaLocation="https://maven.apache.org/surefire/maven-surefire-plugin/xsd/surefire-test-report-3.0.xsd" version="3.0" name="TestRunner" time="0.719" tests="5" errors="5" skipped="0" failures="0">
  <properties>
[...]
</properties>
  <testcase name="Send an email successfully" classname="Compose and Send Email in Gmail" time="0.122">
    <error message="The step &apos;I am logged into Gmail&apos; and 7 other step(s) are undefined.&#10;You can implement these steps using the snippet(s) below:&#10;&#10;@Given(&quot;I am logged into Gmail&quot;)&#10;public void i_am_logged_into_gmail() {&#10;    // Write code here that turns the phrase above into concrete actions&#10;    throw new io.cucumber.java.PendingException();&#10;}&#10;@When(&quot;I click on {string}&quot;)&#10;public void i_click_on(String string) {&#10;    // Write code here that turns the phrase above into concrete actions&#10;    throw new io.cucumber.java.PendingException();&#10;}&#10;@When(&quot;I enter the recipient email&quot;)&#10;public void i_enter_the_recipient_email() {&#10;    // Write code here that turns the phrase above into concrete actions&#10;    throw new io.cucumber.java.PendingException();&#10;}&#10;@When(&quot;I enter the subject {string}&quot;)&#10;public void i_enter_the_subject(String string) {&#10;    // Write code here that turns the phrase above into concrete actions&#10;    throw new io.cucumber.java.PendingException();&#10;}&#10;@When(&quot;I enter the email body {string}&quot;)&#10;public void i_enter_the_email_body(String string) {&#10;    // Write code here that turns the phrase above into concrete actions&#10;    throw new io.cucumber.java.PendingException();&#10;}&#10;@Then(&quot;the email should be sent successfully&quot;)&#10;public void the_email_should_be_sent_successfully() {&#10;    // Write code here that turns the phrase above into concrete actions&#10;    throw new io.cucumber.java.PendingException();&#10;}&#10;@Then(&quot;the email should appear in the {string} folder with subject {string}&quot;)&#10;public void the_email_should_appear_in_the_folder_with_subject(String string, String string2) {&#10;    // Write code here that turns the phrase above into concrete actions&#10;    throw new io.cucumber.java.PendingException();&#10;}&#10;" type="io.cucumber.junit.UndefinedStepException"><![CDATA[io.cucumber.junit.UndefinedStepException: 
The step 'I am logged into Gmail' and 7 other step(s) are undefined.
You can implement these steps using the snippet(s) below:

@Given("I am logged into Gmail")
public void i_am_logged_into_gmail() {
    // Write code here that turns the phrase above into concrete actions
    throw new io.cucumber.java.PendingException();
}
@When("I click on {string}")
public void i_click_on(String string) {
    // Write code here that turns the phrase above into concrete actions
    throw new io.cucumber.java.PendingException();
}
@When("I enter the recipient email")
public void i_enter_the_recipient_email() {
    // Write code here that turns the phrase above into concrete actions
    throw new io.cucumber.java.PendingException();
}
@When("I enter the subject {string}")
public void i_enter_the_subject(String string) {
    // Write code here that turns the phrase above into concrete actions
    throw new io.cucumber.java.PendingException();
}
@When("I enter the email body {string}")
public void i_enter_the_email_body(String string) {
    // Write code here that turns the phrase above into concrete actions
    throw new io.cucumber.java.PendingException();
}
@Then("the email should be sent successfully")
public void the_email_should_be_sent_successfully() {
    // Write code here that turns the phrase above into concrete actions
    throw new io.cucumber.java.PendingException();
}
@Then("the email should appear in the {string} folder with subject {string}")
public void the_email_should_appear_in_the_folder_with_subject(String string, String string2) {
    // Write code here that turns the phrase above into concrete actions
    throw new io.cucumber.java.PendingException();
}

]]></error>
    <system-out><![CDATA[
Scenario: Send an email successfully                                       # src/test/resources/ComposeEmail.feature:3
  Given I am logged into Gmail
  When I click on "Compose"
  And I enter the recipient email
  And I enter the subject "Incubyte"
  And I enter the email body "Automation QA test for Incubyte"
  And I click on "Send"
  Then the email should be sent successfully
  And the email should appear in the "Sent" folder with subject "Incubyte"
]]></system-out>
  </testcase>
  <testcase name="Verify email appears in Sent folder" classname="Compose and Send Email in Gmail" time="0.005">
    <error message="The step &apos;an email was sent with subject &quot;Incubyte&quot;&apos; and 2 other step(s) are undefined.&#10;You can implement these steps using the snippet(s) below:&#10;&#10;@Given(&quot;an email was sent with subject {string}&quot;)&#10;public void an_email_was_sent_with_subject(String string) {&#10;    // Write code here that turns the phrase above into concrete actions&#10;    throw new io.cucumber.java.PendingException();&#10;}&#10;@When(&quot;I navigate to the {string} folder&quot;)&#10;public void i_navigate_to_the_folder(String string) {&#10;    // Write code here that turns the phrase above into concrete actions&#10;    throw new io.cucumber.java.PendingException();&#10;}&#10;@Then(&quot;I should see an email with the subject {string}&quot;)&#10;public void i_should_see_an_email_with_the_subject(String string) {&#10;    // Write code here that turns the phrase above into concrete actions&#10;    throw new io.cucumber.java.PendingException();&#10;}&#10;" type="io.cucumber.junit.UndefinedStepException"><![CDATA[io.cucumber.junit.UndefinedStepException: 
The step 'an email was sent with subject "Incubyte"' and 2 other step(s) are undefined.
You can implement these steps using the snippet(s) below:

@Given("an email was sent with subject {string}")
public void an_email_was_sent_with_subject(String string) {
    // Write code here that turns the phrase above into concrete actions
    throw new io.cucumber.java.PendingException();
}
@When("I navigate to the {string} folder")
public void i_navigate_to_the_folder(String string) {
    // Write code here that turns the phrase above into concrete actions
    throw new io.cucumber.java.PendingException();
}
@Then("I should see an email with the subject {string}")
public void i_should_see_an_email_with_the_subject(String string) {
    // Write code here that turns the phrase above into concrete actions
    throw new io.cucumber.java.PendingException();
}

]]></error>
    <system-out><![CDATA[
Scenario: Verify email appears in Sent folder            # src/test/resources/ComposeEmail.feature:13
  Given an email was sent with subject "Incubyte"
  When I navigate to the "Sent" folder
  Then I should see an email with the subject "Incubyte"
]]></system-out>
  </testcase>
  <testcase name="Error when sending email without recipient" classname="Compose and Send Email in Gmail" time="0.013">
    <error message="The step &apos;I am logged into Gmail&apos; and 6 other step(s) are undefined.&#10;You can implement these steps using the snippet(s) below:&#10;&#10;@Given(&quot;I am logged into Gmail&quot;)&#10;public void i_am_logged_into_gmail() {&#10;    // Write code here that turns the phrase above into concrete actions&#10;    throw new io.cucumber.java.PendingException();&#10;}&#10;@When(&quot;I click on {string}&quot;)&#10;public void i_click_on(String string) {&#10;    // Write code here that turns the phrase above into concrete actions&#10;    throw new io.cucumber.java.PendingException();&#10;}&#10;@When(&quot;I leave the recipient email blank&quot;)&#10;public void i_leave_the_recipient_email_blank() {&#10;    // Write code here that turns the phrase above into concrete actions&#10;    throw new io.cucumber.java.PendingException();&#10;}&#10;@When(&quot;I enter the subject {string}&quot;)&#10;public void i_enter_the_subject(String string) {&#10;    // Write code here that turns the phrase above into concrete actions&#10;    throw new io.cucumber.java.PendingException();&#10;}&#10;@When(&quot;I enter the email body {string}&quot;)&#10;public void i_enter_the_email_body(String string) {&#10;    // Write code here that turns the phrase above into concrete actions&#10;    throw new io.cucumber.java.PendingException();&#10;}&#10;@Then(&quot;I should see an error message indicating recipient is required&quot;)&#10;public void i_should_see_an_error_message_indicating_recipient_is_required() {&#10;    // Write code here that turns the phrase above into concrete actions&#10;    throw new io.cucumber.java.PendingException();&#10;}&#10;" type="io.cucumber.junit.UndefinedStepException"><![CDATA[io.cucumber.junit.UndefinedStepException: 
The step 'I am logged into Gmail' and 6 other step(s) are undefined.
You can implement these steps using the snippet(s) below:

@Given("I am logged into Gmail")
public void i_am_logged_into_gmail() {
    // Write code here that turns the phrase above into concrete actions
    throw new io.cucumber.java.PendingException();
}
@When("I click on {string}")
public void i_click_on(String string) {
    // Write code here that turns the phrase above into concrete actions
    throw new io.cucumber.java.PendingException();
}
@When("I leave the recipient email blank")
public void i_leave_the_recipient_email_blank() {
    // Write code here that turns the phrase above into concrete actions
    throw new io.cucumber.java.PendingException();
}
@When("I enter the subject {string}")
public void i_enter_the_subject(String string) {
    // Write code here that turns the phrase above into concrete actions
    throw new io.cucumber.java.PendingException();
}
@When("I enter the email body {string}")
public void i_enter_the_email_body(String string) {
    // Write code here that turns the phrase above into concrete actions
    throw new io.cucumber.java.PendingException();
}
@Then("I should see an error message indicating recipient is required")
public void i_should_see_an_error_message_indicating_recipient_is_required() {
    // Write code here that turns the phrase above into concrete actions
    throw new io.cucumber.java.PendingException();
}

]]></error>
    <system-out><![CDATA[
Scenario: Error when sending email without recipient                  # src/test/resources/ComposeEmail.feature:18
  Given I am logged into Gmail
  When I click on "Compose"
  And I leave the recipient email blank
  And I enter the subject "Incubyte"
  And I enter the email body "Automation QA test for Incubyte"
  And I click on "Send"
  Then I should see an error message indicating recipient is required
]]></system-out>
  </testcase>
  <testcase name="Warning when sending email without subject" classname="Compose and Send Email in Gmail" time="0.01">
    <error message="The step &apos;I am logged into Gmail&apos; and 6 other step(s) are undefined.&#10;You can implement these steps using the snippet(s) below:&#10;&#10;@Given(&quot;I am logged into Gmail&quot;)&#10;public void i_am_logged_into_gmail() {&#10;    // Write code here that turns the phrase above into concrete actions&#10;    throw new io.cucumber.java.PendingException();&#10;}&#10;@When(&quot;I click on {string}&quot;)&#10;public void i_click_on(String string) {&#10;    // Write code here that turns the phrase above into concrete actions&#10;    throw new io.cucumber.java.PendingException();&#10;}&#10;@When(&quot;I enter the recipient email&quot;)&#10;public void i_enter_the_recipient_email() {&#10;    // Write code here that turns the phrase above into concrete actions&#10;    throw new io.cucumber.java.PendingException();&#10;}&#10;@When(&quot;I leave the subject blank&quot;)&#10;public void i_leave_the_subject_blank() {&#10;    // Write code here that turns the phrase above into concrete actions&#10;    throw new io.cucumber.java.PendingException();&#10;}&#10;@When(&quot;I enter the email body {string}&quot;)&#10;public void i_enter_the_email_body(String string) {&#10;    // Write code here that turns the phrase above into concrete actions&#10;    throw new io.cucumber.java.PendingException();&#10;}&#10;@Then(&quot;I should see a warning prompt asking to confirm sending without subject&quot;)&#10;public void i_should_see_a_warning_prompt_asking_to_confirm_sending_without_subject() {&#10;    // Write code here that turns the phrase above into concrete actions&#10;    throw new io.cucumber.java.PendingException();&#10;}&#10;" type="io.cucumber.junit.UndefinedStepException"><![CDATA[io.cucumber.junit.UndefinedStepException: 
The step 'I am logged into Gmail' and 6 other step(s) are undefined.
You can implement these steps using the snippet(s) below:

@Given("I am logged into Gmail")
public void i_am_logged_into_gmail() {
    // Write code here that turns the phrase above into concrete actions
    throw new io.cucumber.java.PendingException();
}
@When("I click on {string}")
public void i_click_on(String string) {
    // Write code here that turns the phrase above into concrete actions
    throw new io.cucumber.java.PendingException();
}
@When("I enter the recipient email")
public void i_enter_the_recipient_email() {
    // Write code here that turns the phrase above into concrete actions
    throw new io.cucumber.java.PendingException();
}
@When("I leave the subject blank")
public void i_leave_the_subject_blank() {
    // Write code here that turns the phrase above into concrete actions
    throw new io.cucumber.java.PendingException();
}
@When("I enter the email body {string}")
public void i_enter_the_email_body(String string) {
    // Write code here that turns the phrase above into concrete actions
    throw new io.cucumber.java.PendingException();
}
@Then("I should see a warning prompt asking to confirm sending without subject")
public void i_should_see_a_warning_prompt_asking_to_confirm_sending_without_subject() {
    // Write code here that turns the phrase above into concrete actions
    throw new io.cucumber.java.PendingException();
}

]]></error>
    <system-out><![CDATA[
Scenario: Warning when sending email without subject                           # src/test/resources/ComposeEmail.feature:27
  Given I am logged into Gmail
  When I click on "Compose"
  And I enter the recipient email
  And I leave the subject blank
  And I enter the email body "Automation QA test for Incubyte"
  And I click on "Send"
  Then I should see a warning prompt asking to confirm sending without subject
]]></system-out>
  </testcase>
  <testcase name="Send email with empty body successfully" classname="Compose and Send Email in Gmail" time="0.011">
    <error message="The step &apos;I am logged into Gmail&apos; and 7 other step(s) are undefined.&#10;You can implement these steps using the snippet(s) below:&#10;&#10;@Given(&quot;I am logged into Gmail&quot;)&#10;public void i_am_logged_into_gmail() {&#10;    // Write code here that turns the phrase above into concrete actions&#10;    throw new io.cucumber.java.PendingException();&#10;}&#10;@When(&quot;I click on {string}&quot;)&#10;public void i_click_on(String string) {&#10;    // Write code here that turns the phrase above into concrete actions&#10;    throw new io.cucumber.java.PendingException();&#10;}&#10;@When(&quot;I enter the recipient email&quot;)&#10;public void i_enter_the_recipient_email() {&#10;    // Write code here that turns the phrase above into concrete actions&#10;    throw new io.cucumber.java.PendingException();&#10;}&#10;@When(&quot;I enter the subject {string}&quot;)&#10;public void i_enter_the_subject(String string) {&#10;    // Write code here that turns the phrase above into concrete actions&#10;    throw new io.cucumber.java.PendingException();&#10;}&#10;@When(&quot;I leave the email body blank&quot;)&#10;public void i_leave_the_email_body_blank() {&#10;    // Write code here that turns the phrase above into concrete actions&#10;    throw new io.cucumber.java.PendingException();&#10;}&#10;@Then(&quot;the email should be sent successfully&quot;)&#10;public void the_email_should_be_sent_successfully() {&#10;    // Write code here that turns the phrase above into concrete actions&#10;    throw new io.cucumber.java.PendingException();&#10;}&#10;@Then(&quot;the email should appear in the {string} folder with subject {string}&quot;)&#10;public void the_email_should_appear_in_the_folder_with_subject(String string, String string2) {&#10;    // Write code here that turns the phrase above into concrete actions&#10;    throw new io.cucumber.java.PendingException();&#10;}&#10;" type="io.cucumber.junit.UndefinedStepException"><![CDATA[io.cucumber.junit.UndefinedStepException: 
The step 'I am logged into Gmail' and 7 other step(s) are undefined.
You can implement these steps using the snippet(s) below:

@Given("I am logged into Gmail")
public void i_am_logged_into_gmail() {
    // Write code here that turns the phrase above into concrete actions
    throw new io.cucumber.java.PendingException();
}
@When("I click on {string}")
public void i_click_on(String string) {
    // Write code here that turns the phrase above into concrete actions
    throw new io.cucumber.java.PendingException();
}
@When("I enter the recipient email")
public void i_enter_the_recipient_email() {
    // Write code here that turns the phrase above into concrete actions
    throw new io.cucumber.java.PendingException();
}
@When("I enter the subject {string}")
public void i_enter_the_subject(String string) {
    // Write code here that turns the phrase above into concrete actions
    throw new io.cucumber.java.PendingException();
}
@When("I leave the email body blank")
public void i_leave_the_email_body_blank() {
    // Write code here that turns the phrase above into concrete actions
    throw new io.cucumber.java.PendingException();
}
@Then("the email should be sent successfully")
public void the_email_should_be_sent_successfully() {
    // Write code here that turns the phrase above into concrete actions
    throw new io.cucumber.java.PendingException();
}
@Then("the email should appear in the {string} folder with subject {string}")
public void the_email_should_appear_in_the_folder_with_subject(String string, String string2) {
    // Write code here that turns the phrase above into concrete actions
    throw new io.cucumber.java.PendingException();
}

]]></error>
    <system-out><![CDATA[
Scenario: Send email with empty body successfully                          # src/test/resources/ComposeEmail.feature:36
  Given I am logged into Gmail
  When I click on "Compose"
  And I enter the recipient email
  And I enter the subject "Incubyte"
  And I leave the email body blank
  And I click on "Send"
  Then the email should be sent successfully
  And the email should appear in the "Sent" folder with subject "Incubyte"
]]></system-out>
  </testcase>
</testsuite>